<?xml version="1.0" encoding="UTF-8"?>
<!-- Generated by org.testng.reporters.JUnitReportReporter -->
<testsuite skipped="0" hostname="Dilaras-MacBook-Air.local" name="com.testngcode_18Mar_2023.InvocationCountUse" tests="7" failures="0" timestamp="2023-03-19T21:50:27 EDT" time="0.020" errors="0">
  <testcase name="sample1" time="0.007" classname="com.testngcode_18Mar_2023.InvocationCountUse"/>
  <system-out/>
  <testcase name="sample2" time="0.001" classname="com.testngcode_18Mar_2023.InvocationCountUse"/>
  <system-out/>
  <testcase name="sample3" time="0.003" classname="com.testngcode_18Mar_2023.InvocationCountUse"/>
  <system-out/>
  <testcase name="sample3" time="0.002" classname="com.testngcode_18Mar_2023.InvocationCountUse"/>
  <system-out/>
  <testcase name="sample3" time="0.004" classname="com.testngcode_18Mar_2023.InvocationCountUse"/>
  <system-out/>
  <testcase name="sample3" time="0.002" classname="com.testngcode_18Mar_2023.InvocationCountUse"/>
  <system-out/>
  <testcase name="sample3" time="0.001" classname="com.testngcode_18Mar_2023.InvocationCountUse"/>
  <system-out/>
</testsuite> <!-- com.testngcode_18Mar_2023.InvocationCountUse -->
