<?xml version="1.0" encoding="UTF-8"?>
<!-- Generated by org.testng.reporters.JUnitReportReporter -->
<testsuite skipped="0" hostname="Dilaras-MacBook-Air.local" name="learningTestNG.Copy_pastOne" tests="2" failures="0" timestamp="2023-03-12T12:35:48 EDT" time="31.542" errors="0">
  <testcase name="loginWithValidCredentials" time="17.957" classname="learningTestNG.Copy_pastOne"/>
  <system-out/>
  <testcase name="loginWithInvalidCredentials" time="13.585" classname="learningTestNG.Copy_pastOne"/>
  <system-out/>
</testsuite> <!-- learningTestNG.Copy_pastOne -->
