<?xml version="1.0" encoding="UTF-8"?>
<!-- Generated by org.testng.reporters.JUnitReportReporter -->
<testsuite skipped="0" hostname="Dilaras-MacBook-Air.local" name="learningTestNG.TestNG_Annotations" tests="2" failures="0" timestamp="2023-03-12T12:46:40 EDT" time="0.012" errors="0">
  <testcase name="testCase1Annotation" time="0.008" classname="learningTestNG.TestNG_Annotations"/>
  <system-out/>
  <testcase name="testCase2Annotation" time="0.004" classname="learningTestNG.TestNG_Annotations"/>
  <system-out/>
</testsuite> <!-- learningTestNG.TestNG_Annotations -->
