<?xml version="1.0" encoding="UTF-8"?>
<!-- Generated by org.testng.reporters.JUnitReportReporter -->
<testsuite skipped="0" hostname="Dilaras-MacBook-Air.local" name="learningTestNG.SeleniumCode" tests="1" failures="0" timestamp="2023-03-12T12:09:35 EDT" time="11.412" errors="0">
  <testcase name="loginWithValidCredintials" time="11.412" classname="learningTestNG.SeleniumCode"/>
  <system-out/>
</testsuite> <!-- learningTestNG.SeleniumCode -->
