<?xml version="1.0" encoding="UTF-8"?>
<!-- Generated by org.testng.reporters.JUnitReportReporter -->
<testsuite skipped="0" hostname="Dilaras-MacBook-Air.local" name="com.assignment.Rediff_CreateAccount_cssSelector" tests="1" failures="0" timestamp="2023-03-31T10:41:29 EDT" time="15.749" errors="0">
  <testcase name="clickOnCreateAccountLink1" time="15.749" classname="com.assignment.Rediff_CreateAccount_cssSelector"/>
  <system-out/>
</testsuite> <!-- com.assignment.Rediff_CreateAccount_cssSelector -->
