<?xml version="1.0" encoding="UTF-8"?>
<!-- Generated by org.testng.reporters.JUnitReportReporter -->
<testsuite skipped="0" hostname="Dilaras-MacBook-Air.local" name="learning_TestNG.ImportanceOfBM_Test_AM" tests="3" failures="0" timestamp="2023-03-17T23:18:56 EDT" time="0.016" errors="0">
  <testcase name="testCase2" time="0.007" classname="learning_TestNG.ImportanceOfBM_Test_AM"/>
  <system-out/>
  <testcase name="testCase1" time="0.008" classname="learning_TestNG.ImportanceOfBM_Test_AM"/>
  <system-out/>
  <testcase name="testCase3" time="0.001" classname="learning_TestNG.ImportanceOfBM_Test_AM"/>
  <system-out/>
</testsuite> <!-- learning_TestNG.ImportanceOfBM_Test_AM -->
