<?xml version="1.0" encoding="UTF-8"?>
<!-- Generated by org.testng.reporters.JUnitReportReporter -->
<testsuite skipped="0" hostname="Dilaras-MacBook-Air.local" name="com.testngcode_18Mar_2023.MoreConcepts_Automation" tests="3" failures="0" timestamp="2023-03-18T11:55:22 EDT" time="49.963" errors="0">
  <testcase name="clickOnSigninLink" time="10.804" classname="com.testngcode_18Mar_2023.MoreConcepts_Automation"/>
  <system-out/>
  <testcase name="loginCredentials" time="24.002" classname="com.testngcode_18Mar_2023.MoreConcepts_Automation"/>
  <system-out/>
  <testcase name="clickOnLogOutLink" time="15.157" classname="com.testngcode_18Mar_2023.MoreConcepts_Automation"/>
  <system-out/>
</testsuite> <!-- com.testngcode_18Mar_2023.MoreConcepts_Automation -->
